2017-11-20 01:07:29,337   GET     301      13 ms  /
2017-11-20 01:07:29,462   GET     301       1 ms  /
2017-11-20 01:07:29,584   GET     200     102 ms  /3/Cloud
2017-11-20 01:07:29,719   GET     200      16 ms  /3/Capabilities/API
2017-11-20 01:07:29,742   GET     200       9 ms  /3/InitID
2017-11-20 01:07:30,124   GET     200       2 ms  /3/Cloud
2017-11-20 01:07:30,293   GET     200     153 ms  /3/Frames/frame_rdd_29_89a55012d7ee077f3992a9fc45d847b1
2017-11-20 01:08:53,923   GET     200       1 ms  /3/Cloud
2017-11-20 01:08:54,024   GET     200      85 ms  /3/ModelBuilders/glm
2017-11-20 01:08:54,115   GET     200       1 ms  /3/Cloud
2017-11-20 01:08:54,305   POST    200     176 ms  /3/ModelBuilders/glm
2017-11-20 01:08:54,382   GET     200       6 ms  /3/Jobs/$03017f00000132d4ffffffff$_bbaf0c9bd5fa559f904094d47a6d404c
2017-11-20 01:08:55,401   GET     200       1 ms  /3/Jobs/$03017f00000132d4ffffffff$_bbaf0c9bd5fa559f904094d47a6d404c
2017-11-20 01:08:55,420   GET     200       1 ms  /3/Cloud
2017-11-20 01:08:55,512   GET     200      77 ms  /3/Models/GLM_model_R_1511140037766_1
2017-11-20 01:12:43,289   GET     200       1 ms  /3/Cloud
2017-11-20 01:12:43,306   GET     200       3 ms  /3/ModelBuilders/glm
2017-11-20 01:12:43,348   GET     200       1 ms  /3/Cloud
2017-11-20 01:12:43,368   POST    200       8 ms  /3/ModelBuilders/glm
2017-11-20 01:12:43,492   GET     200       1 ms  /3/Jobs/$03017f00000132d4ffffffff$_bbdb84bae8ce7bbcabbeff7ebf0641b0
2017-11-20 01:12:44,512   GET     200       1 ms  /3/Jobs/$03017f00000132d4ffffffff$_bbdb84bae8ce7bbcabbeff7ebf0641b0
2017-11-20 01:12:44,682   GET     200       1 ms  /3/Cloud
2017-11-20 01:12:44,701   GET     200       6 ms  /3/Models/GLM_model_R_1511140037766_2
