2017-11-20 23:43:56,199   GET     301      15 ms  /
2017-11-20 23:43:56,325   GET     301       0 ms  /
2017-11-20 23:43:56,436   GET     200      92 ms  /3/Cloud
2017-11-20 23:43:56,545   GET     200      16 ms  /3/Capabilities/API
2017-11-20 23:43:56,570   GET     200      10 ms  /3/InitID
2017-11-20 23:43:56,950   GET     200       2 ms  /3/Cloud
2017-11-20 23:43:57,104   GET     200     141 ms  /3/Frames/frame_rdd_50_8a376fffe72f6038bd9a9f4cb3c04254
2017-11-20 23:43:57,422   GET     301       1 ms  /
2017-11-20 23:43:57,463   GET     301       1 ms  /
2017-11-20 23:43:57,477   GET     200       2 ms  /3/Cloud
2017-11-20 23:43:57,490   GET     200       1 ms  /3/Capabilities/API
2017-11-20 23:43:57,513   GET     200       1 ms  /3/InitID
2017-11-20 23:43:57,651   GET     200       2 ms  /3/Cloud
2017-11-20 23:43:57,676   GET     200      12 ms  /3/Frames/frame_rdd_54_b08be51c15c75340ae245eb8ae2d413c
2017-11-20 23:43:57,696   GET     200       1 ms  /3/Cloud
2017-11-20 23:43:57,722   GET     200      11 ms  /3/Frames/frame_rdd_50_8a376fffe72f6038bd9a9f4cb3c04254
2017-11-20 23:46:04,556   GET     200       2 ms  /3/Cloud
2017-11-20 23:46:04,574   GET     200       4 ms  /3/Frames/frame_rdd_50_8a376fffe72f6038bd9a9f4cb3c04254
2017-11-20 23:46:04,603   GET     200       1 ms  /3/Cloud
2017-11-20 23:46:04,731   GET     200     115 ms  /3/ModelBuilders/glm
2017-11-20 23:46:04,794   GET     200       1 ms  /3/Cloud
2017-11-20 23:46:04,985   POST    200     178 ms  /3/ModelBuilders/glm
2017-11-20 23:46:05,063   GET     200       9 ms  /3/Jobs/$03017f00000132d4ffffffff$_8e77d5f21f785bc6849500d56af64cdf
2017-11-20 23:46:06,088   GET     200       2 ms  /3/Jobs/$03017f00000132d4ffffffff$_8e77d5f21f785bc6849500d56af64cdf
2017-11-20 23:46:06,106   GET     200       3 ms  /3/Cloud
2017-11-20 23:46:06,195   GET     200      74 ms  /3/Models/GLM_model_R_1511221425033_1
2017-11-20 23:47:39,606   GET     301       0 ms  /
2017-11-20 23:47:39,618   GET     301       0 ms  /
2017-11-20 23:47:39,635   GET     200       1 ms  /3/Cloud
2017-11-20 23:47:39,653   GET     200       1 ms  /3/Capabilities/API
2017-11-20 23:47:39,667   GET     200       2 ms  /3/InitID
2017-11-20 23:47:39,757   GET     200       1 ms  /3/Cloud
2017-11-20 23:47:39,780   GET     200      11 ms  /3/Frames/frame_rdd_60_85aa5ded3f00c873ac44171984474b56
2017-11-20 23:47:39,819   GET     200       1 ms  /3/Cloud
2017-11-20 23:47:39,839   GET     200       5 ms  /3/Frames/frame_rdd_60_85aa5ded3f00c873ac44171984474b56
2017-11-20 23:47:39,910   GET     301       0 ms  /
2017-11-20 23:47:39,935   GET     301       0 ms  /
2017-11-20 23:47:39,950   GET     200       1 ms  /3/Cloud
2017-11-20 23:47:39,966   GET     200       1 ms  /3/Capabilities/API
2017-11-20 23:47:39,980   GET     200       1 ms  /3/InitID
2017-11-20 23:47:40,063   GET     200       1 ms  /3/Cloud
2017-11-20 23:47:40,090   GET     200      11 ms  /3/Frames/frame_rdd_64_aa54ff85d6ea1b583299731c9eee427a
2017-11-20 23:47:41,091   GET     200       1 ms  /3/Cloud
2017-11-20 23:47:41,110   GET     200       5 ms  /3/Frames/frame_rdd_60_85aa5ded3f00c873ac44171984474b56
2017-11-20 23:47:41,152   GET     200       2 ms  /3/Cloud
2017-11-20 23:47:41,170   GET     200       5 ms  /3/ModelBuilders/glm
2017-11-20 23:47:41,208   GET     200       1 ms  /3/Cloud
2017-11-20 23:47:41,229   POST    200       9 ms  /3/ModelBuilders/glm
2017-11-20 23:47:41,345   GET     200       1 ms  /3/Jobs/$03017f00000132d4ffffffff$_afd250d7f973ed9557b49916f78a46cd
2017-11-20 23:47:42,363   GET     200       1 ms  /3/Jobs/$03017f00000132d4ffffffff$_afd250d7f973ed9557b49916f78a46cd
2017-11-20 23:47:42,416   GET     200       1 ms  /3/Cloud
2017-11-20 23:47:42,442   GET     200      12 ms  /3/Models/GLM_model_R_1511221425033_2
2017-11-20 23:48:10,352   GET     301       1 ms  /
2017-11-20 23:48:10,367   GET     301       1 ms  /
2017-11-20 23:48:10,380   GET     200       1 ms  /3/Cloud
2017-11-20 23:48:10,398   GET     200       0 ms  /3/Capabilities/API
2017-11-20 23:48:10,418   GET     200       0 ms  /3/InitID
2017-11-20 23:48:10,498   GET     200       1 ms  /3/Cloud
2017-11-20 23:48:10,516   GET     200       7 ms  /3/Frames/frame_rdd_70_bb717f6bda6b73ce26f60cdda0bb4319
2017-11-20 23:48:10,550   GET     200       1 ms  /3/Cloud
2017-11-20 23:48:10,574   GET     200       6 ms  /3/Frames/frame_rdd_70_bb717f6bda6b73ce26f60cdda0bb4319
2017-11-20 23:48:10,898   GET     301       0 ms  /
2017-11-20 23:48:10,911   GET     301       1 ms  /
2017-11-20 23:48:10,947   GET     200       3 ms  /3/Cloud
2017-11-20 23:48:10,961   GET     200       0 ms  /3/Capabilities/API
2017-11-20 23:48:10,975   GET     200       1 ms  /3/InitID
2017-11-20 23:48:11,049   GET     200       1 ms  /3/Cloud
2017-11-20 23:48:11,067   GET     200       6 ms  /3/Frames/frame_rdd_74_909238e7296526e27f0de3a1cf74ea0
2017-11-20 23:48:11,473   GET     200       1 ms  /3/Cloud
2017-11-20 23:48:11,496   GET     200       3 ms  /3/Frames/frame_rdd_70_bb717f6bda6b73ce26f60cdda0bb4319
2017-11-20 23:48:11,528   GET     200       1 ms  /3/Cloud
2017-11-20 23:48:11,544   GET     200       3 ms  /3/ModelBuilders/glm
2017-11-20 23:48:11,602   GET     200       1 ms  /3/Cloud
2017-11-20 23:48:11,619   POST    200       4 ms  /3/ModelBuilders/glm
2017-11-20 23:48:11,691   GET     200       7 ms  /3/Jobs/$03017f00000132d4ffffffff$_a2b825da486def4cc59037df5e8348e1
2017-11-20 23:48:12,711   GET     200       1 ms  /3/Jobs/$03017f00000132d4ffffffff$_a2b825da486def4cc59037df5e8348e1
2017-11-20 23:48:12,728   GET     200       1 ms  /3/Cloud
2017-11-20 23:48:12,744   GET     200       5 ms  /3/Models/GLM_model_R_1511221425033_3
2017-11-20 23:51:06,151   GET     200       3 ms  /3/Cloud
2017-11-20 23:51:06,168   POST    200       4 ms  /4/Predictions/models/GLM_model_R_1511221425033_3/frames/frame_rdd_74_909238e7296526e27f0de3a1cf74ea0
2017-11-20 23:51:06,185   GET     200       1 ms  /3/Jobs/$03017f00000132d4ffffffff$_b554f082ff87ae2682f9c1faa30f4080
2017-11-20 23:51:06,205   GET     200       4 ms  /3/Cloud
2017-11-20 23:51:06,229   GET     200       7 ms  /3/Frames/predictions_adc9_GLM_model_R_1511221425033_3_on_frame_rdd_74_909238e7296526e27f0de3a1cf74ea0
2017-11-20 23:52:03,382   GET     200       1 ms  /3/Cloud
2017-11-20 23:52:03,401   POST    200       1 ms  /4/Predictions/models/GLM_model_R_1511221425033_3/frames/frame_rdd_74_909238e7296526e27f0de3a1cf74ea0
2017-11-20 23:52:03,414   GET     200       1 ms  /3/Jobs/$03017f00000132d4ffffffff$_961fd1523c24f011722d60c4fc9b4aa2
2017-11-20 23:52:03,428   GET     200       1 ms  /3/Cloud
2017-11-20 23:52:03,445   GET     200       3 ms  /3/Frames/predictions_ba7b_GLM_model_R_1511221425033_3_on_frame_rdd_74_909238e7296526e27f0de3a1cf74ea0
2017-11-20 23:52:05,910   GET     301       1 ms  /
2017-11-20 23:52:05,924   GET     301       1 ms  /
2017-11-20 23:52:05,935   GET     200       1 ms  /3/Cloud
2017-11-20 23:52:05,948   GET     200       1 ms  /3/Capabilities/API
2017-11-20 23:52:05,963   GET     200       0 ms  /3/InitID
